  Source.cpp
C:\Users\Zsolt\source\repos\252602-Szabo_Zsolt\Elso_Beadando\Source.cpp(98,50): warning C4244: 'argument': conversion from 'GLint' to 'GLfloat', possible loss of data
C:\Users\Zsolt\source\repos\252602-Szabo_Zsolt\Elso_Beadando\Source.cpp(98,37): warning C4244: 'argument': conversion from 'GLint' to 'GLfloat', possible loss of data
  Previous IPDB not found, fall back to full compilation.
LINK : warning LNK4098: defaultlib 'MSVCRTD' conflicts with use of other libs; use /NODEFAULTLIB:library
  Generating code
  All 256 functions were compiled because no usable IPDB/IOBJ from previous compilation was found.
  Finished generating code
glfw3.lib(context.obj) : warning LNK4099: PDB 'glfw.pdb' was not found with 'glfw3.lib(context.obj)' or at 'C:\Users\Zsolt\source\repos\252602-Szabo_Zsolt\Elso_Beadando\x64\Release\glfw.pdb'; linking object as if no debug info
glfw3.lib(window.obj) : warning LNK4099: PDB 'glfw.pdb' was not found with 'glfw3.lib(window.obj)' or at 'C:\Users\Zsolt\source\repos\252602-Szabo_Zsolt\Elso_Beadando\x64\Release\glfw.pdb'; linking object as if no debug info
glfw3.lib(input.obj) : warning LNK4099: PDB 'glfw.pdb' was not found with 'glfw3.lib(input.obj)' or at 'C:\Users\Zsolt\source\repos\252602-Szabo_Zsolt\Elso_Beadando\x64\Release\glfw.pdb'; linking object as if no debug info
glfw3.lib(monitor.obj) : warning LNK4099: PDB 'glfw.pdb' was not found with 'glfw3.lib(monitor.obj)' or at 'C:\Users\Zsolt\source\repos\252602-Szabo_Zsolt\Elso_Beadando\x64\Release\glfw.pdb'; linking object as if no debug info
glfw3.lib(init.obj) : warning LNK4099: PDB 'glfw.pdb' was not found with 'glfw3.lib(init.obj)' or at 'C:\Users\Zsolt\source\repos\252602-Szabo_Zsolt\Elso_Beadando\x64\Release\glfw.pdb'; linking object as if no debug info
glfw3.lib(win32_thread.obj) : warning LNK4099: PDB 'glfw.pdb' was not found with 'glfw3.lib(win32_thread.obj)' or at 'C:\Users\Zsolt\source\repos\252602-Szabo_Zsolt\Elso_Beadando\x64\Release\glfw.pdb'; linking object as if no debug info
glfw3.lib(win32_window.obj) : warning LNK4099: PDB 'glfw.pdb' was not found with 'glfw3.lib(win32_window.obj)' or at 'C:\Users\Zsolt\source\repos\252602-Szabo_Zsolt\Elso_Beadando\x64\Release\glfw.pdb'; linking object as if no debug info
glfw3.lib(win32_joystick.obj) : warning LNK4099: PDB 'glfw.pdb' was not found with 'glfw3.lib(win32_joystick.obj)' or at 'C:\Users\Zsolt\source\repos\252602-Szabo_Zsolt\Elso_Beadando\x64\Release\glfw.pdb'; linking object as if no debug info
glfw3.lib(win32_time.obj) : warning LNK4099: PDB 'glfw.pdb' was not found with 'glfw3.lib(win32_time.obj)' or at 'C:\Users\Zsolt\source\repos\252602-Szabo_Zsolt\Elso_Beadando\x64\Release\glfw.pdb'; linking object as if no debug info
glfw3.lib(win32_monitor.obj) : warning LNK4099: PDB 'glfw.pdb' was not found with 'glfw3.lib(win32_monitor.obj)' or at 'C:\Users\Zsolt\source\repos\252602-Szabo_Zsolt\Elso_Beadando\x64\Release\glfw.pdb'; linking object as if no debug info
glfw3.lib(win32_init.obj) : warning LNK4099: PDB 'glfw.pdb' was not found with 'glfw3.lib(win32_init.obj)' or at 'C:\Users\Zsolt\source\repos\252602-Szabo_Zsolt\Elso_Beadando\x64\Release\glfw.pdb'; linking object as if no debug info
glfw3.lib(vulkan.obj) : warning LNK4099: PDB 'glfw.pdb' was not found with 'glfw3.lib(vulkan.obj)' or at 'C:\Users\Zsolt\source\repos\252602-Szabo_Zsolt\Elso_Beadando\x64\Release\glfw.pdb'; linking object as if no debug info
glfw3.lib(wgl_context.obj) : warning LNK4099: PDB 'glfw.pdb' was not found with 'glfw3.lib(wgl_context.obj)' or at 'C:\Users\Zsolt\source\repos\252602-Szabo_Zsolt\Elso_Beadando\x64\Release\glfw.pdb'; linking object as if no debug info
glfw3.lib(egl_context.obj) : warning LNK4099: PDB 'glfw.pdb' was not found with 'glfw3.lib(egl_context.obj)' or at 'C:\Users\Zsolt\source\repos\252602-Szabo_Zsolt\Elso_Beadando\x64\Release\glfw.pdb'; linking object as if no debug info
glfw3.lib(osmesa_context.obj) : warning LNK4099: PDB 'glfw.pdb' was not found with 'glfw3.lib(osmesa_context.obj)' or at 'C:\Users\Zsolt\source\repos\252602-Szabo_Zsolt\Elso_Beadando\x64\Release\glfw.pdb'; linking object as if no debug info
  Elso_Beadando.vcxproj -> C:\Users\Zsolt\source\repos\252602-Szabo_Zsolt\Elso_Beadando\x64\Release\Elso_Beadando.exe
